Username: 4
Password: 4
CREATED_AT: null
1970-01-01 03:30:01.0  ~  SignUp:  
1970-01-01 03:30:01.0  ~  Shop:  
1970-01-01 03:30:01.0  ~  Buy: Polymorph 
1970-01-01 03:30:01.0  ~  Buy: Dreadscale 
1970-01-01 03:30:01.0  ~  Collection:  
1970-01-01 03:30:01.0  ~  newDeck:  New Deck 
1970-01-01 03:30:01.0  ~  Searched_for:  
1970-01-01 03:30:01.0  ~  Choose_My_Cards:  
1970-01-01 03:30:01.0  ~  SignIn:  
1970-01-01 03:30:01.0  ~  SignIn:  
1970-01-01 03:30:01.0  ~  Collection:  
1970-01-01 03:30:01.0  ~  newDeck:  New Deck 
1970-01-01 03:30:01.0  ~  SignIn:  
1970-01-01 03:30:01.0  ~  SignIn:  
1970-01-01 03:30:01.0  ~  Shop:  
1970-01-01 03:30:01.0  ~  Buy: Polymorph 
1970-01-01 03:30:01.0  ~  Buy: Polymorph 
1970-01-01 03:30:01.0  ~  Collection:  
1970-01-01 03:30:01.0  ~  newDeck:  New Deck 
1970-01-01 03:30:01.0  ~  SignIn:  
1970-01-01 03:30:01.0  ~  SignIn:  
1970-01-01 03:30:01.0  ~  Shop:  
1970-01-01 03:30:01.0  ~  Buy: Polymorph 
1970-01-01 03:30:01.0  ~  Collection:  
1970-01-01 03:30:01.0  ~  Choose_My_Cards:  
1970-01-01 03:30:01.0  ~  Filter_by_mana:  
1970-01-01 03:30:01.0  ~  newDeck:  New Deck 
1970-01-01 03:30:01.0  ~  Choose_My_Decks:  
1970-01-01 03:30:01.0  ~  add_Card_To_Deck: Polymorph 
1970-01-01 03:30:01.0  ~  SignIn:  
1970-01-01 03:30:01.0  ~  SignIn:  
1970-01-01 03:30:01.0  ~  Shop:  
1970-01-01 03:30:01.0  ~  Buy: Polymorph 
1970-01-01 03:30:01.0  ~  Collection:  
1970-01-01 03:30:01.0  ~  Choose_My_Cards:  
1970-01-01 03:30:01.0  ~  newDeck:  New Deck 
1970-01-01 03:30:01.0  ~  Choose_My_Decks:  
1970-01-01 03:30:01.0  ~  add_Card_To_Deck: Polymorph 
1970-01-01 03:30:01.0  ~  Play:  
1970-01-01 03:30:01.0  ~  Collection:  
1970-01-01 03:30:01.0  ~  SignIn:  
1970-01-01 03:30:01.0  ~  SignIn:  
1970-01-01 03:30:01.0  ~  Shop:  
1970-01-01 03:30:01.0  ~  Buy: Polymorph 
1970-01-01 03:30:01.0  ~  Collection:  
1970-01-01 03:30:01.0  ~  newDeck:  New Deck 
1970-01-01 03:30:01.0  ~  Choose_My_Decks:  
1970-01-01 03:30:01.0  ~  add_Card_To_Deck: Polymorph 
1970-01-01 03:30:01.0  ~  ChooseNot_My_Cards:  
1970-01-01 03:30:01.0  ~  Choose_My_Decks:  
1970-01-01 03:30:01.0  ~  Play:  
1970-01-01 03:30:01.0  ~  Collection:  
1970-01-01 03:30:01.0  ~  Play:  
