Username: rrr
Password: rrr
CREATED_AT: null
1970-01-01 03:30:01.0  ~  SignUp:  
1970-01-01 03:30:01.0  ~  Shop:  
1970-01-01 03:30:01.0  ~  Buy: Polymorph 
1970-01-01 03:30:01.0  ~  Collection:  
1970-01-01 03:30:01.0  ~  ChooseNot_My_Cards:  
1970-01-01 03:30:01.0  ~  newDeck:  New Deck 
1970-01-01 03:30:01.0  ~  Choose_My_Decks:  
1970-01-01 03:30:01.0  ~  Searched_for:  
1970-01-01 03:30:01.0  ~  Choose_My_Decks:  
1970-01-01 03:30:01.0  ~  edit_Deck_Name:  New Deck to this 
1970-01-01 03:30:01.0  ~  edit_Deck_Name: this to this 
1970-01-01 03:30:01.0  ~  add_Card_To_Deck: Polymorph 
1970-01-01 03:30:01.0  ~  Choose_My_Decks:  
1970-01-01 03:30:01.0  ~  Play:  
1970-01-01 03:30:01.0  ~  End_Turn:  
1970-01-01 03:30:01.0  ~  End_Turn:  
1970-01-01 03:30:01.0  ~  End_Turn:  
1970-01-01 03:30:01.0  ~  End_Turn:  
1970-01-01 03:30:01.0  ~  End_Turn:  
1970-01-01 03:30:01.0  ~  End_Turn:  
